ERROR - 2025-02-01 07:55:07 --> mysqli_sql_exception: Table 'radinseir_support.hdz_config' doesn't exist in /home/radinseir/domains/radinseir.ir/public_html/support/hdz/framework/Database/MySQLi/Connection.php:314
Stack trace:
#0 /home/radinseir/domains/radinseir.ir/public_html/support/hdz/framework/Database/MySQLi/Connection.php(314): mysqli->query()
#1 /home/radinseir/domains/radinseir.ir/public_html/support/hdz/framework/Database/BaseConnection.php(713): CodeIgniter\Database\MySQLi\Connection->execute()
#2 /home/radinseir/domains/radinseir.ir/public_html/support/hdz/framework/Database/BaseConnection.php(641): CodeIgniter\Database\BaseConnection->simpleQuery()
#3 /home/radinseir/domains/radinseir.ir/public_html/support/hdz/framework/Database/BaseBuilder.php(1866): CodeIgniter\Database\BaseConnection->query()
#4 /home/radinseir/domains/radinseir.ir/public_html/support/hdz/app/Libraries/Settings.php(20): CodeIgniter\Database\BaseBuilder->get()
#5 /home/radinseir/domains/radinseir.ir/public_html/support/hdz/app/Filters/UserAuth.php(22): App\Libraries\Settings->config()
#6 /home/radinseir/domains/radinseir.ir/public_html/support/hdz/framework/Filters/Filters.php(181): App\Filters\UserAuth->before()
#7 /home/radinseir/domains/radinseir.ir/public_html/support/hdz/framework/CodeIgniter.php(403): CodeIgniter\Filters\Filters->run()
#8 /home/radinseir/domains/radinseir.ir/public_html/support/hdz/framework/CodeIgniter.php(333): CodeIgniter\CodeIgniter->handleRequest()
#9 /home/radinseir/domains/radinseir.ir/public_html/support/index.php(44): CodeIgniter\CodeIgniter->run()
#10 {main}
ERROR - 2025-02-01 07:55:07 --> mysqli_sql_exception: Table 'radinseir_support.hdz_config' doesn't exist in /home/radinseir/domains/radinseir.ir/public_html/support/hdz/framework/Database/MySQLi/Connection.php:314
Stack trace:
#0 /home/radinseir/domains/radinseir.ir/public_html/support/hdz/framework/Database/MySQLi/Connection.php(314): mysqli->query()
#1 /home/radinseir/domains/radinseir.ir/public_html/support/hdz/framework/Database/BaseConnection.php(713): CodeIgniter\Database\MySQLi\Connection->execute()
#2 /home/radinseir/domains/radinseir.ir/public_html/support/hdz/framework/Database/BaseConnection.php(641): CodeIgniter\Database\BaseConnection->simpleQuery()
#3 /home/radinseir/domains/radinseir.ir/public_html/support/hdz/framework/Database/BaseBuilder.php(1866): CodeIgniter\Database\BaseConnection->query()
#4 /home/radinseir/domains/radinseir.ir/public_html/support/hdz/app/Libraries/Settings.php(20): CodeIgniter\Database\BaseBuilder->get()
#5 /home/radinseir/domains/radinseir.ir/public_html/support/hdz/app/Filters/UserAuth.php(28): App\Libraries\Settings->config()
#6 /home/radinseir/domains/radinseir.ir/public_html/support/hdz/framework/Filters/Filters.php(181): App\Filters\UserAuth->before()
#7 /home/radinseir/domains/radinseir.ir/public_html/support/hdz/framework/CodeIgniter.php(403): CodeIgniter\Filters\Filters->run()
#8 /home/radinseir/domains/radinseir.ir/public_html/support/hdz/framework/CodeIgniter.php(333): CodeIgniter\CodeIgniter->handleRequest()
#9 /home/radinseir/domains/radinseir.ir/public_html/support/index.php(44): CodeIgniter\CodeIgniter->run()
#10 {main}
ERROR - 2025-02-01 07:55:07 --> mysqli_sql_exception: Table 'radinseir_support.hdz_config' doesn't exist in /home/radinseir/domains/radinseir.ir/public_html/support/hdz/framework/Database/MySQLi/Connection.php:314
Stack trace:
#0 /home/radinseir/domains/radinseir.ir/public_html/support/hdz/framework/Database/MySQLi/Connection.php(314): mysqli->query()
#1 /home/radinseir/domains/radinseir.ir/public_html/support/hdz/framework/Database/BaseConnection.php(713): CodeIgniter\Database\MySQLi\Connection->execute()
#2 /home/radinseir/domains/radinseir.ir/public_html/support/hdz/framework/Database/BaseConnection.php(641): CodeIgniter\Database\BaseConnection->simpleQuery()
#3 /home/radinseir/domains/radinseir.ir/public_html/support/hdz/framework/Database/BaseBuilder.php(1866): CodeIgniter\Database\BaseConnection->query()
#4 /home/radinseir/domains/radinseir.ir/public_html/support/hdz/app/Libraries/Settings.php(20): CodeIgniter\Database\BaseBuilder->get()
#5 /home/radinseir/domains/radinseir.ir/public_html/support/hdz/app/Controllers/BaseController.php(71): App\Libraries\Settings->config()
#6 /home/radinseir/domains/radinseir.ir/public_html/support/hdz/framework/CodeIgniter.php(909): App\Controllers\BaseController->initController()
#7 /home/radinseir/domains/radinseir.ir/public_html/support/hdz/framework/CodeIgniter.php(422): CodeIgniter\CodeIgniter->createController()
#8 /home/radinseir/domains/radinseir.ir/public_html/support/hdz/framework/CodeIgniter.php(333): CodeIgniter\CodeIgniter->handleRequest()
#9 /home/radinseir/domains/radinseir.ir/public_html/support/index.php(44): CodeIgniter\CodeIgniter->run()
#10 {main}
ERROR - 2025-02-01 07:55:07 --> mysqli_sql_exception: Table 'radinseir_support.hdz_config' doesn't exist in /home/radinseir/domains/radinseir.ir/public_html/support/hdz/framework/Database/MySQLi/Connection.php:314
Stack trace:
#0 /home/radinseir/domains/radinseir.ir/public_html/support/hdz/framework/Database/MySQLi/Connection.php(314): mysqli->query()
#1 /home/radinseir/domains/radinseir.ir/public_html/support/hdz/framework/Database/BaseConnection.php(713): CodeIgniter\Database\MySQLi\Connection->execute()
#2 /home/radinseir/domains/radinseir.ir/public_html/support/hdz/framework/Database/BaseConnection.php(641): CodeIgniter\Database\BaseConnection->simpleQuery()
#3 /home/radinseir/domains/radinseir.ir/public_html/support/hdz/framework/Database/BaseBuilder.php(1866): CodeIgniter\Database\BaseConnection->query()
#4 /home/radinseir/domains/radinseir.ir/public_html/support/hdz/app/Libraries/Settings.php(20): CodeIgniter\Database\BaseBuilder->get()
#5 /home/radinseir/domains/radinseir.ir/public_html/support/hdz/app/Helpers/helpdesk_helper.php(15): App\Libraries\Settings->config()
#6 /home/radinseir/domains/radinseir.ir/public_html/support/hdz/app/Views/client/home.php(6): site_config()
#7 /home/radinseir/domains/radinseir.ir/public_html/support/hdz/framework/View/View.php(220): include('...')
#8 /home/radinseir/domains/radinseir.ir/public_html/support/hdz/framework/View/View.php(222): CodeIgniter\View\View->CodeIgniter\View\{closure}()
#9 /home/radinseir/domains/radinseir.ir/public_html/support/hdz/framework/Common.php(1217): CodeIgniter\View\View->render()
#10 /home/radinseir/domains/radinseir.ir/public_html/support/hdz/app/Controllers/Kb.php(19): view()
#11 /home/radinseir/domains/radinseir.ir/public_html/support/hdz/framework/CodeIgniter.php(936): App\Controllers\Kb->home()
#12 /home/radinseir/domains/radinseir.ir/public_html/support/hdz/framework/CodeIgniter.php(432): CodeIgniter\CodeIgniter->runController()
#13 /home/radinseir/domains/radinseir.ir/public_html/support/hdz/framework/CodeIgniter.php(333): CodeIgniter\CodeIgniter->handleRequest()
#14 /home/radinseir/domains/radinseir.ir/public_html/support/index.php(44): CodeIgniter\CodeIgniter->run()
#15 {main}
ERROR - 2025-02-01 07:55:07 --> mysqli_sql_exception: Table 'radinseir_support.hdz_kb_category' doesn't exist in /home/radinseir/domains/radinseir.ir/public_html/support/hdz/framework/Database/MySQLi/Connection.php:314
Stack trace:
#0 /home/radinseir/domains/radinseir.ir/public_html/support/hdz/framework/Database/MySQLi/Connection.php(314): mysqli->query()
#1 /home/radinseir/domains/radinseir.ir/public_html/support/hdz/framework/Database/BaseConnection.php(713): CodeIgniter\Database\MySQLi\Connection->execute()
#2 /home/radinseir/domains/radinseir.ir/public_html/support/hdz/framework/Database/BaseConnection.php(641): CodeIgniter\Database\BaseConnection->simpleQuery()
#3 /home/radinseir/domains/radinseir.ir/public_html/support/hdz/framework/Database/BaseBuilder.php(1866): CodeIgniter\Database\BaseConnection->query()
#4 /home/radinseir/domains/radinseir.ir/public_html/support/hdz/framework/Model.php(836): CodeIgniter\Database\BaseBuilder->get()
#5 /home/radinseir/domains/radinseir.ir/public_html/support/hdz/app/Libraries/Kb.php(73): CodeIgniter\Model->__call()
#6 /home/radinseir/domains/radinseir.ir/public_html/support/hdz/app/Libraries/Kb.php(28): App\Libraries\Kb->publicCatList()
#7 /home/radinseir/domains/radinseir.ir/public_html/support/hdz/app/Config/Services.php(41): App\Libraries\Kb->__construct()
#8 /home/radinseir/domains/radinseir.ir/public_html/support/hdz/framework/Config/BaseService.php(100): Config\Services::kb()
#9 /home/radinseir/domains/radinseir.ir/public_html/support/hdz/app/Config/Services.php(39): CodeIgniter\Config\BaseService::getSharedInstance()
#10 /home/radinseir/domains/radinseir.ir/public_html/support/hdz/app/Helpers/helpdesk_helper.php(94): Config\Services::kb()
#11 /home/radinseir/domains/radinseir.ir/public_html/support/hdz/app/Views/client/home.php(49): kb_categories()
#12 /home/radinseir/domains/radinseir.ir/public_html/support/hdz/framework/View/View.php(220): include('...')
#13 /home/radinseir/domains/radinseir.ir/public_html/support/hdz/framework/View/View.php(222): CodeIgniter\View\View->CodeIgniter\View\{closure}()
#14 /home/radinseir/domains/radinseir.ir/public_html/support/hdz/framework/Common.php(1217): CodeIgniter\View\View->render()
#15 /home/radinseir/domains/radinseir.ir/public_html/support/hdz/app/Controllers/Kb.php(19): view()
#16 /home/radinseir/domains/radinseir.ir/public_html/support/hdz/framework/CodeIgniter.php(936): App\Controllers\Kb->home()
#17 /home/radinseir/domains/radinseir.ir/public_html/support/hdz/framework/CodeIgniter.php(432): CodeIgniter\CodeIgniter->runController()
#18 /home/radinseir/domains/radinseir.ir/public_html/support/hdz/framework/CodeIgniter.php(333): CodeIgniter\CodeIgniter->handleRequest()
#19 /home/radinseir/domains/radinseir.ir/public_html/support/index.php(44): CodeIgniter\CodeIgniter->run()
#20 {main}
CRITICAL - 2025-02-01 07:55:07 --> Attempt to read property "num_rows" on bool
#0 /home/radinseir/domains/radinseir.ir/public_html/support/hdz/app/Libraries/Kb.php(74): CodeIgniter\Debug\Exceptions->errorHandler()
#1 /home/radinseir/domains/radinseir.ir/public_html/support/hdz/app/Libraries/Kb.php(28): App\Libraries\Kb->publicCatList()
#2 /home/radinseir/domains/radinseir.ir/public_html/support/hdz/app/Config/Services.php(41): App\Libraries\Kb->__construct()
#3 /home/radinseir/domains/radinseir.ir/public_html/support/hdz/framework/Config/BaseService.php(100): Config\Services::kb()
#4 /home/radinseir/domains/radinseir.ir/public_html/support/hdz/app/Config/Services.php(39): CodeIgniter\Config\BaseService::getSharedInstance()
#5 /home/radinseir/domains/radinseir.ir/public_html/support/hdz/app/Helpers/helpdesk_helper.php(94): Config\Services::kb()
#6 /home/radinseir/domains/radinseir.ir/public_html/support/hdz/app/Views/client/home.php(49): kb_categories()
#7 /home/radinseir/domains/radinseir.ir/public_html/support/hdz/framework/View/View.php(220): include('...')
#8 /home/radinseir/domains/radinseir.ir/public_html/support/hdz/framework/View/View.php(222): CodeIgniter\View\View->CodeIgniter\View\{closure}()
#9 /home/radinseir/domains/radinseir.ir/public_html/support/hdz/framework/Common.php(1217): CodeIgniter\View\View->render()
#10 /home/radinseir/domains/radinseir.ir/public_html/support/hdz/app/Controllers/Kb.php(19): view()
#11 /home/radinseir/domains/radinseir.ir/public_html/support/hdz/framework/CodeIgniter.php(936): App\Controllers\Kb->home()
#12 /home/radinseir/domains/radinseir.ir/public_html/support/hdz/framework/CodeIgniter.php(432): CodeIgniter\CodeIgniter->runController()
#13 /home/radinseir/domains/radinseir.ir/public_html/support/hdz/framework/CodeIgniter.php(333): CodeIgniter\CodeIgniter->handleRequest()
#14 /home/radinseir/domains/radinseir.ir/public_html/support/index.php(44): CodeIgniter\CodeIgniter->run()
#15 {main}
ERROR - 2025-02-01 07:55:09 --> mysqli_sql_exception: Table 'radinseir_support.hdz_config' doesn't exist in /home/radinseir/domains/radinseir.ir/public_html/support/hdz/framework/Database/MySQLi/Connection.php:314
Stack trace:
#0 /home/radinseir/domains/radinseir.ir/public_html/support/hdz/framework/Database/MySQLi/Connection.php(314): mysqli->query()
#1 /home/radinseir/domains/radinseir.ir/public_html/support/hdz/framework/Database/BaseConnection.php(713): CodeIgniter\Database\MySQLi\Connection->execute()
#2 /home/radinseir/domains/radinseir.ir/public_html/support/hdz/framework/Database/BaseConnection.php(641): CodeIgniter\Database\BaseConnection->simpleQuery()
#3 /home/radinseir/domains/radinseir.ir/public_html/support/hdz/framework/Database/BaseBuilder.php(1866): CodeIgniter\Database\BaseConnection->query()
#4 /home/radinseir/domains/radinseir.ir/public_html/support/hdz/app/Libraries/Settings.php(20): CodeIgniter\Database\BaseBuilder->get()
#5 /home/radinseir/domains/radinseir.ir/public_html/support/hdz/app/Filters/UserAuth.php(22): App\Libraries\Settings->config()
#6 /home/radinseir/domains/radinseir.ir/public_html/support/hdz/framework/Filters/Filters.php(181): App\Filters\UserAuth->before()
#7 /home/radinseir/domains/radinseir.ir/public_html/support/hdz/framework/CodeIgniter.php(403): CodeIgniter\Filters\Filters->run()
#8 /home/radinseir/domains/radinseir.ir/public_html/support/hdz/framework/CodeIgniter.php(333): CodeIgniter\CodeIgniter->handleRequest()
#9 /home/radinseir/domains/radinseir.ir/public_html/support/index.php(44): CodeIgniter\CodeIgniter->run()
#10 {main}
ERROR - 2025-02-01 07:55:09 --> mysqli_sql_exception: Table 'radinseir_support.hdz_config' doesn't exist in /home/radinseir/domains/radinseir.ir/public_html/support/hdz/framework/Database/MySQLi/Connection.php:314
Stack trace:
#0 /home/radinseir/domains/radinseir.ir/public_html/support/hdz/framework/Database/MySQLi/Connection.php(314): mysqli->query()
#1 /home/radinseir/domains/radinseir.ir/public_html/support/hdz/framework/Database/BaseConnection.php(713): CodeIgniter\Database\MySQLi\Connection->execute()
#2 /home/radinseir/domains/radinseir.ir/public_html/support/hdz/framework/Database/BaseConnection.php(641): CodeIgniter\Database\BaseConnection->simpleQuery()
#3 /home/radinseir/domains/radinseir.ir/public_html/support/hdz/framework/Database/BaseBuilder.php(1866): CodeIgniter\Database\BaseConnection->query()
#4 /home/radinseir/domains/radinseir.ir/public_html/support/hdz/app/Libraries/Settings.php(20): CodeIgniter\Database\BaseBuilder->get()
#5 /home/radinseir/domains/radinseir.ir/public_html/support/hdz/app/Filters/UserAuth.php(28): App\Libraries\Settings->config()
#6 /home/radinseir/domains/radinseir.ir/public_html/support/hdz/framework/Filters/Filters.php(181): App\Filters\UserAuth->before()
#7 /home/radinseir/domains/radinseir.ir/public_html/support/hdz/framework/CodeIgniter.php(403): CodeIgniter\Filters\Filters->run()
#8 /home/radinseir/domains/radinseir.ir/public_html/support/hdz/framework/CodeIgniter.php(333): CodeIgniter\CodeIgniter->handleRequest()
#9 /home/radinseir/domains/radinseir.ir/public_html/support/index.php(44): CodeIgniter\CodeIgniter->run()
#10 {main}
ERROR - 2025-02-01 07:55:09 --> mysqli_sql_exception: Table 'radinseir_support.hdz_config' doesn't exist in /home/radinseir/domains/radinseir.ir/public_html/support/hdz/framework/Database/MySQLi/Connection.php:314
Stack trace:
#0 /home/radinseir/domains/radinseir.ir/public_html/support/hdz/framework/Database/MySQLi/Connection.php(314): mysqli->query()
#1 /home/radinseir/domains/radinseir.ir/public_html/support/hdz/framework/Database/BaseConnection.php(713): CodeIgniter\Database\MySQLi\Connection->execute()
#2 /home/radinseir/domains/radinseir.ir/public_html/support/hdz/framework/Database/BaseConnection.php(641): CodeIgniter\Database\BaseConnection->simpleQuery()
#3 /home/radinseir/domains/radinseir.ir/public_html/support/hdz/framework/Database/BaseBuilder.php(1866): CodeIgniter\Database\BaseConnection->query()
#4 /home/radinseir/domains/radinseir.ir/public_html/support/hdz/app/Libraries/Settings.php(20): CodeIgniter\Database\BaseBuilder->get()
#5 /home/radinseir/domains/radinseir.ir/public_html/support/hdz/app/Controllers/BaseController.php(71): App\Libraries\Settings->config()
#6 /home/radinseir/domains/radinseir.ir/public_html/support/hdz/framework/CodeIgniter.php(909): App\Controllers\BaseController->initController()
#7 /home/radinseir/domains/radinseir.ir/public_html/support/hdz/framework/CodeIgniter.php(422): CodeIgniter\CodeIgniter->createController()
#8 /home/radinseir/domains/radinseir.ir/public_html/support/hdz/framework/CodeIgniter.php(333): CodeIgniter\CodeIgniter->handleRequest()
#9 /home/radinseir/domains/radinseir.ir/public_html/support/index.php(44): CodeIgniter\CodeIgniter->run()
#10 {main}
ERROR - 2025-02-01 07:55:09 --> mysqli_sql_exception: Table 'radinseir_support.hdz_config' doesn't exist in /home/radinseir/domains/radinseir.ir/public_html/support/hdz/framework/Database/MySQLi/Connection.php:314
Stack trace:
#0 /home/radinseir/domains/radinseir.ir/public_html/support/hdz/framework/Database/MySQLi/Connection.php(314): mysqli->query()
#1 /home/radinseir/domains/radinseir.ir/public_html/support/hdz/framework/Database/BaseConnection.php(713): CodeIgniter\Database\MySQLi\Connection->execute()
#2 /home/radinseir/domains/radinseir.ir/public_html/support/hdz/framework/Database/BaseConnection.php(641): CodeIgniter\Database\BaseConnection->simpleQuery()
#3 /home/radinseir/domains/radinseir.ir/public_html/support/hdz/framework/Database/BaseBuilder.php(1866): CodeIgniter\Database\BaseConnection->query()
#4 /home/radinseir/domains/radinseir.ir/public_html/support/hdz/app/Libraries/Settings.php(20): CodeIgniter\Database\BaseBuilder->get()
#5 /home/radinseir/domains/radinseir.ir/public_html/support/hdz/app/Helpers/helpdesk_helper.php(15): App\Libraries\Settings->config()
#6 /home/radinseir/domains/radinseir.ir/public_html/support/hdz/app/Views/client/home.php(6): site_config()
#7 /home/radinseir/domains/radinseir.ir/public_html/support/hdz/framework/View/View.php(220): include('...')
#8 /home/radinseir/domains/radinseir.ir/public_html/support/hdz/framework/View/View.php(222): CodeIgniter\View\View->CodeIgniter\View\{closure}()
#9 /home/radinseir/domains/radinseir.ir/public_html/support/hdz/framework/Common.php(1217): CodeIgniter\View\View->render()
#10 /home/radinseir/domains/radinseir.ir/public_html/support/hdz/app/Controllers/Kb.php(19): view()
#11 /home/radinseir/domains/radinseir.ir/public_html/support/hdz/framework/CodeIgniter.php(936): App\Controllers\Kb->home()
#12 /home/radinseir/domains/radinseir.ir/public_html/support/hdz/framework/CodeIgniter.php(432): CodeIgniter\CodeIgniter->runController()
#13 /home/radinseir/domains/radinseir.ir/public_html/support/hdz/framework/CodeIgniter.php(333): CodeIgniter\CodeIgniter->handleRequest()
#14 /home/radinseir/domains/radinseir.ir/public_html/support/index.php(44): CodeIgniter\CodeIgniter->run()
#15 {main}
ERROR - 2025-02-01 07:55:09 --> mysqli_sql_exception: Table 'radinseir_support.hdz_kb_category' doesn't exist in /home/radinseir/domains/radinseir.ir/public_html/support/hdz/framework/Database/MySQLi/Connection.php:314
Stack trace:
#0 /home/radinseir/domains/radinseir.ir/public_html/support/hdz/framework/Database/MySQLi/Connection.php(314): mysqli->query()
#1 /home/radinseir/domains/radinseir.ir/public_html/support/hdz/framework/Database/BaseConnection.php(713): CodeIgniter\Database\MySQLi\Connection->execute()
#2 /home/radinseir/domains/radinseir.ir/public_html/support/hdz/framework/Database/BaseConnection.php(641): CodeIgniter\Database\BaseConnection->simpleQuery()
#3 /home/radinseir/domains/radinseir.ir/public_html/support/hdz/framework/Database/BaseBuilder.php(1866): CodeIgniter\Database\BaseConnection->query()
#4 /home/radinseir/domains/radinseir.ir/public_html/support/hdz/framework/Model.php(836): CodeIgniter\Database\BaseBuilder->get()
#5 /home/radinseir/domains/radinseir.ir/public_html/support/hdz/app/Libraries/Kb.php(73): CodeIgniter\Model->__call()
#6 /home/radinseir/domains/radinseir.ir/public_html/support/hdz/app/Libraries/Kb.php(28): App\Libraries\Kb->publicCatList()
#7 /home/radinseir/domains/radinseir.ir/public_html/support/hdz/app/Config/Services.php(41): App\Libraries\Kb->__construct()
#8 /home/radinseir/domains/radinseir.ir/public_html/support/hdz/framework/Config/BaseService.php(100): Config\Services::kb()
#9 /home/radinseir/domains/radinseir.ir/public_html/support/hdz/app/Config/Services.php(39): CodeIgniter\Config\BaseService::getSharedInstance()
#10 /home/radinseir/domains/radinseir.ir/public_html/support/hdz/app/Helpers/helpdesk_helper.php(94): Config\Services::kb()
#11 /home/radinseir/domains/radinseir.ir/public_html/support/hdz/app/Views/client/home.php(49): kb_categories()
#12 /home/radinseir/domains/radinseir.ir/public_html/support/hdz/framework/View/View.php(220): include('...')
#13 /home/radinseir/domains/radinseir.ir/public_html/support/hdz/framework/View/View.php(222): CodeIgniter\View\View->CodeIgniter\View\{closure}()
#14 /home/radinseir/domains/radinseir.ir/public_html/support/hdz/framework/Common.php(1217): CodeIgniter\View\View->render()
#15 /home/radinseir/domains/radinseir.ir/public_html/support/hdz/app/Controllers/Kb.php(19): view()
#16 /home/radinseir/domains/radinseir.ir/public_html/support/hdz/framework/CodeIgniter.php(936): App\Controllers\Kb->home()
#17 /home/radinseir/domains/radinseir.ir/public_html/support/hdz/framework/CodeIgniter.php(432): CodeIgniter\CodeIgniter->runController()
#18 /home/radinseir/domains/radinseir.ir/public_html/support/hdz/framework/CodeIgniter.php(333): CodeIgniter\CodeIgniter->handleRequest()
#19 /home/radinseir/domains/radinseir.ir/public_html/support/index.php(44): CodeIgniter\CodeIgniter->run()
#20 {main}
CRITICAL - 2025-02-01 07:55:09 --> Attempt to read property "num_rows" on bool
#0 /home/radinseir/domains/radinseir.ir/public_html/support/hdz/app/Libraries/Kb.php(74): CodeIgniter\Debug\Exceptions->errorHandler()
#1 /home/radinseir/domains/radinseir.ir/public_html/support/hdz/app/Libraries/Kb.php(28): App\Libraries\Kb->publicCatList()
#2 /home/radinseir/domains/radinseir.ir/public_html/support/hdz/app/Config/Services.php(41): App\Libraries\Kb->__construct()
#3 /home/radinseir/domains/radinseir.ir/public_html/support/hdz/framework/Config/BaseService.php(100): Config\Services::kb()
#4 /home/radinseir/domains/radinseir.ir/public_html/support/hdz/app/Config/Services.php(39): CodeIgniter\Config\BaseService::getSharedInstance()
#5 /home/radinseir/domains/radinseir.ir/public_html/support/hdz/app/Helpers/helpdesk_helper.php(94): Config\Services::kb()
#6 /home/radinseir/domains/radinseir.ir/public_html/support/hdz/app/Views/client/home.php(49): kb_categories()
#7 /home/radinseir/domains/radinseir.ir/public_html/support/hdz/framework/View/View.php(220): include('...')
#8 /home/radinseir/domains/radinseir.ir/public_html/support/hdz/framework/View/View.php(222): CodeIgniter\View\View->CodeIgniter\View\{closure}()
#9 /home/radinseir/domains/radinseir.ir/public_html/support/hdz/framework/Common.php(1217): CodeIgniter\View\View->render()
#10 /home/radinseir/domains/radinseir.ir/public_html/support/hdz/app/Controllers/Kb.php(19): view()
#11 /home/radinseir/domains/radinseir.ir/public_html/support/hdz/framework/CodeIgniter.php(936): App\Controllers\Kb->home()
#12 /home/radinseir/domains/radinseir.ir/public_html/support/hdz/framework/CodeIgniter.php(432): CodeIgniter\CodeIgniter->runController()
#13 /home/radinseir/domains/radinseir.ir/public_html/support/hdz/framework/CodeIgniter.php(333): CodeIgniter\CodeIgniter->handleRequest()
#14 /home/radinseir/domains/radinseir.ir/public_html/support/index.php(44): CodeIgniter\CodeIgniter->run()
#15 {main}
ERROR - 2025-02-01 07:55:13 --> mysqli_sql_exception: Table 'radinseir_support.hdz_config' doesn't exist in /home/radinseir/domains/radinseir.ir/public_html/support/hdz/framework/Database/MySQLi/Connection.php:314
Stack trace:
#0 /home/radinseir/domains/radinseir.ir/public_html/support/hdz/framework/Database/MySQLi/Connection.php(314): mysqli->query()
#1 /home/radinseir/domains/radinseir.ir/public_html/support/hdz/framework/Database/BaseConnection.php(713): CodeIgniter\Database\MySQLi\Connection->execute()
#2 /home/radinseir/domains/radinseir.ir/public_html/support/hdz/framework/Database/BaseConnection.php(641): CodeIgniter\Database\BaseConnection->simpleQuery()
#3 /home/radinseir/domains/radinseir.ir/public_html/support/hdz/framework/Database/BaseBuilder.php(1866): CodeIgniter\Database\BaseConnection->query()
#4 /home/radinseir/domains/radinseir.ir/public_html/support/hdz/app/Libraries/Settings.php(20): CodeIgniter\Database\BaseBuilder->get()
#5 /home/radinseir/domains/radinseir.ir/public_html/support/hdz/app/Controllers/BaseController.php(71): App\Libraries\Settings->config()
#6 /home/radinseir/domains/radinseir.ir/public_html/support/hdz/framework/CodeIgniter.php(909): App\Controllers\BaseController->initController()
#7 /home/radinseir/domains/radinseir.ir/public_html/support/hdz/framework/CodeIgniter.php(969): CodeIgniter\CodeIgniter->createController()
#8 /home/radinseir/domains/radinseir.ir/public_html/support/hdz/framework/CodeIgniter.php(349): CodeIgniter\CodeIgniter->display404errors()
#9 /home/radinseir/domains/radinseir.ir/public_html/support/index.php(44): CodeIgniter\CodeIgniter->run()
#10 {main}
ERROR - 2025-02-01 07:55:13 --> mysqli_sql_exception: Table 'radinseir_support.hdz_kb_category' doesn't exist in /home/radinseir/domains/radinseir.ir/public_html/support/hdz/framework/Database/MySQLi/Connection.php:314
Stack trace:
#0 /home/radinseir/domains/radinseir.ir/public_html/support/hdz/framework/Database/MySQLi/Connection.php(314): mysqli->query()
#1 /home/radinseir/domains/radinseir.ir/public_html/support/hdz/framework/Database/BaseConnection.php(713): CodeIgniter\Database\MySQLi\Connection->execute()
#2 /home/radinseir/domains/radinseir.ir/public_html/support/hdz/framework/Database/BaseConnection.php(641): CodeIgniter\Database\BaseConnection->simpleQuery()
#3 /home/radinseir/domains/radinseir.ir/public_html/support/hdz/framework/Database/BaseBuilder.php(1866): CodeIgniter\Database\BaseConnection->query()
#4 /home/radinseir/domains/radinseir.ir/public_html/support/hdz/framework/Model.php(836): CodeIgniter\Database\BaseBuilder->get()
#5 /home/radinseir/domains/radinseir.ir/public_html/support/hdz/app/Libraries/Kb.php(73): CodeIgniter\Model->__call()
#6 /home/radinseir/domains/radinseir.ir/public_html/support/hdz/app/Libraries/Kb.php(28): App\Libraries\Kb->publicCatList()
#7 /home/radinseir/domains/radinseir.ir/public_html/support/hdz/app/Config/Services.php(41): App\Libraries\Kb->__construct()
#8 /home/radinseir/domains/radinseir.ir/public_html/support/hdz/framework/Config/BaseService.php(100): Config\Services::kb()
#9 /home/radinseir/domains/radinseir.ir/public_html/support/hdz/app/Config/Services.php(39): CodeIgniter\Config\BaseService::getSharedInstance()
#10 /home/radinseir/domains/radinseir.ir/public_html/support/hdz/app/Helpers/helpdesk_helper.php(123): Config\Services::kb()
#11 /home/radinseir/domains/radinseir.ir/public_html/support/hdz/app/Views/client/page_template.php(39): kb_popular()
#12 /home/radinseir/domains/radinseir.ir/public_html/support/hdz/framework/View/View.php(220): include('...')
#13 /home/radinseir/domains/radinseir.ir/public_html/support/hdz/framework/View/View.php(222): CodeIgniter\View\View->CodeIgniter\View\{closure}()
#14 /home/radinseir/domains/radinseir.ir/public_html/support/hdz/framework/View/View.php(236): CodeIgniter\View\View->render()
#15 /home/radinseir/domains/radinseir.ir/public_html/support/hdz/framework/Common.php(1217): CodeIgniter\View\View->render()
#16 /home/radinseir/domains/radinseir.ir/public_html/support/hdz/app/Controllers/Kb.php(12): view()
#17 /home/radinseir/domains/radinseir.ir/public_html/support/hdz/framework/CodeIgniter.php(936): App\Controllers\Kb->error404()
#18 /home/radinseir/domains/radinseir.ir/public_html/support/hdz/framework/CodeIgniter.php(970): CodeIgniter\CodeIgniter->runController()
#19 /home/radinseir/domains/radinseir.ir/public_html/support/hdz/framework/CodeIgniter.php(349): CodeIgniter\CodeIgniter->display404errors()
#20 /home/radinseir/domains/radinseir.ir/public_html/support/index.php(44): CodeIgniter\CodeIgniter->run()
#21 {main}
CRITICAL - 2025-02-01 07:55:13 --> Attempt to read property "num_rows" on bool
#0 /home/radinseir/domains/radinseir.ir/public_html/support/hdz/app/Libraries/Kb.php(74): CodeIgniter\Debug\Exceptions->errorHandler()
#1 /home/radinseir/domains/radinseir.ir/public_html/support/hdz/app/Libraries/Kb.php(28): App\Libraries\Kb->publicCatList()
#2 /home/radinseir/domains/radinseir.ir/public_html/support/hdz/app/Config/Services.php(41): App\Libraries\Kb->__construct()
#3 /home/radinseir/domains/radinseir.ir/public_html/support/hdz/framework/Config/BaseService.php(100): Config\Services::kb()
#4 /home/radinseir/domains/radinseir.ir/public_html/support/hdz/app/Config/Services.php(39): CodeIgniter\Config\BaseService::getSharedInstance()
#5 /home/radinseir/domains/radinseir.ir/public_html/support/hdz/app/Helpers/helpdesk_helper.php(123): Config\Services::kb()
#6 /home/radinseir/domains/radinseir.ir/public_html/support/hdz/app/Views/client/page_template.php(39): kb_popular()
#7 /home/radinseir/domains/radinseir.ir/public_html/support/hdz/framework/View/View.php(220): include('...')
#8 /home/radinseir/domains/radinseir.ir/public_html/support/hdz/framework/View/View.php(222): CodeIgniter\View\View->CodeIgniter\View\{closure}()
#9 /home/radinseir/domains/radinseir.ir/public_html/support/hdz/framework/View/View.php(236): CodeIgniter\View\View->render()
#10 /home/radinseir/domains/radinseir.ir/public_html/support/hdz/framework/Common.php(1217): CodeIgniter\View\View->render()
#11 /home/radinseir/domains/radinseir.ir/public_html/support/hdz/app/Controllers/Kb.php(12): view()
#12 /home/radinseir/domains/radinseir.ir/public_html/support/hdz/framework/CodeIgniter.php(936): App\Controllers\Kb->error404()
#13 /home/radinseir/domains/radinseir.ir/public_html/support/hdz/framework/CodeIgniter.php(970): CodeIgniter\CodeIgniter->runController()
#14 /home/radinseir/domains/radinseir.ir/public_html/support/hdz/framework/CodeIgniter.php(349): CodeIgniter\CodeIgniter->display404errors()
#15 /home/radinseir/domains/radinseir.ir/public_html/support/index.php(44): CodeIgniter\CodeIgniter->run()
#16 {main}
ERROR - 2025-02-01 07:55:13 --> mysqli_sql_exception: Table 'radinseir_support.hdz_config' doesn't exist in /home/radinseir/domains/radinseir.ir/public_html/support/hdz/framework/Database/MySQLi/Connection.php:314
Stack trace:
#0 /home/radinseir/domains/radinseir.ir/public_html/support/hdz/framework/Database/MySQLi/Connection.php(314): mysqli->query()
#1 /home/radinseir/domains/radinseir.ir/public_html/support/hdz/framework/Database/BaseConnection.php(713): CodeIgniter\Database\MySQLi\Connection->execute()
#2 /home/radinseir/domains/radinseir.ir/public_html/support/hdz/framework/Database/BaseConnection.php(641): CodeIgniter\Database\BaseConnection->simpleQuery()
#3 /home/radinseir/domains/radinseir.ir/public_html/support/hdz/framework/Database/BaseBuilder.php(1866): CodeIgniter\Database\BaseConnection->query()
#4 /home/radinseir/domains/radinseir.ir/public_html/support/hdz/app/Libraries/Settings.php(20): CodeIgniter\Database\BaseBuilder->get()
#5 /home/radinseir/domains/radinseir.ir/public_html/support/hdz/app/Controllers/BaseController.php(71): App\Libraries\Settings->config()
#6 /home/radinseir/domains/radinseir.ir/public_html/support/hdz/framework/CodeIgniter.php(909): App\Controllers\BaseController->initController()
#7 /home/radinseir/domains/radinseir.ir/public_html/support/hdz/framework/CodeIgniter.php(969): CodeIgniter\CodeIgniter->createController()
#8 /home/radinseir/domains/radinseir.ir/public_html/support/hdz/framework/CodeIgniter.php(349): CodeIgniter\CodeIgniter->display404errors()
#9 /home/radinseir/domains/radinseir.ir/public_html/support/index.php(44): CodeIgniter\CodeIgniter->run()
#10 {main}
ERROR - 2025-02-01 07:55:13 --> mysqli_sql_exception: Table 'radinseir_support.hdz_kb_category' doesn't exist in /home/radinseir/domains/radinseir.ir/public_html/support/hdz/framework/Database/MySQLi/Connection.php:314
Stack trace:
#0 /home/radinseir/domains/radinseir.ir/public_html/support/hdz/framework/Database/MySQLi/Connection.php(314): mysqli->query()
#1 /home/radinseir/domains/radinseir.ir/public_html/support/hdz/framework/Database/BaseConnection.php(713): CodeIgniter\Database\MySQLi\Connection->execute()
#2 /home/radinseir/domains/radinseir.ir/public_html/support/hdz/framework/Database/BaseConnection.php(641): CodeIgniter\Database\BaseConnection->simpleQuery()
#3 /home/radinseir/domains/radinseir.ir/public_html/support/hdz/framework/Database/BaseBuilder.php(1866): CodeIgniter\Database\BaseConnection->query()
#4 /home/radinseir/domains/radinseir.ir/public_html/support/hdz/framework/Model.php(836): CodeIgniter\Database\BaseBuilder->get()
#5 /home/radinseir/domains/radinseir.ir/public_html/support/hdz/app/Libraries/Kb.php(73): CodeIgniter\Model->__call()
#6 /home/radinseir/domains/radinseir.ir/public_html/support/hdz/app/Libraries/Kb.php(28): App\Libraries\Kb->publicCatList()
#7 /home/radinseir/domains/radinseir.ir/public_html/support/hdz/app/Config/Services.php(41): App\Libraries\Kb->__construct()
#8 /home/radinseir/domains/radinseir.ir/public_html/support/hdz/framework/Config/BaseService.php(100): Config\Services::kb()
#9 /home/radinseir/domains/radinseir.ir/public_html/support/hdz/app/Config/Services.php(39): CodeIgniter\Config\BaseService::getSharedInstance()
#10 /home/radinseir/domains/radinseir.ir/public_html/support/hdz/app/Helpers/helpdesk_helper.php(123): Config\Services::kb()
#11 /home/radinseir/domains/radinseir.ir/public_html/support/hdz/app/Views/client/page_template.php(39): kb_popular()
#12 /home/radinseir/domains/radinseir.ir/public_html/support/hdz/framework/View/View.php(220): include('...')
#13 /home/radinseir/domains/radinseir.ir/public_html/support/hdz/framework/View/View.php(222): CodeIgniter\View\View->CodeIgniter\View\{closure}()
#14 /home/radinseir/domains/radinseir.ir/public_html/support/hdz/framework/View/View.php(236): CodeIgniter\View\View->render()
#15 /home/radinseir/domains/radinseir.ir/public_html/support/hdz/framework/Common.php(1217): CodeIgniter\View\View->render()
#16 /home/radinseir/domains/radinseir.ir/public_html/support/hdz/app/Controllers/Kb.php(12): view()
#17 /home/radinseir/domains/radinseir.ir/public_html/support/hdz/framework/CodeIgniter.php(936): App\Controllers\Kb->error404()
#18 /home/radinseir/domains/radinseir.ir/public_html/support/hdz/framework/CodeIgniter.php(970): CodeIgniter\CodeIgniter->runController()
#19 /home/radinseir/domains/radinseir.ir/public_html/support/hdz/framework/CodeIgniter.php(349): CodeIgniter\CodeIgniter->display404errors()
#20 /home/radinseir/domains/radinseir.ir/public_html/support/index.php(44): CodeIgniter\CodeIgniter->run()
#21 {main}
CRITICAL - 2025-02-01 07:55:13 --> Attempt to read property "num_rows" on bool
#0 /home/radinseir/domains/radinseir.ir/public_html/support/hdz/app/Libraries/Kb.php(74): CodeIgniter\Debug\Exceptions->errorHandler()
#1 /home/radinseir/domains/radinseir.ir/public_html/support/hdz/app/Libraries/Kb.php(28): App\Libraries\Kb->publicCatList()
#2 /home/radinseir/domains/radinseir.ir/public_html/support/hdz/app/Config/Services.php(41): App\Libraries\Kb->__construct()
#3 /home/radinseir/domains/radinseir.ir/public_html/support/hdz/framework/Config/BaseService.php(100): Config\Services::kb()
#4 /home/radinseir/domains/radinseir.ir/public_html/support/hdz/app/Config/Services.php(39): CodeIgniter\Config\BaseService::getSharedInstance()
#5 /home/radinseir/domains/radinseir.ir/public_html/support/hdz/app/Helpers/helpdesk_helper.php(123): Config\Services::kb()
#6 /home/radinseir/domains/radinseir.ir/public_html/support/hdz/app/Views/client/page_template.php(39): kb_popular()
#7 /home/radinseir/domains/radinseir.ir/public_html/support/hdz/framework/View/View.php(220): include('...')
#8 /home/radinseir/domains/radinseir.ir/public_html/support/hdz/framework/View/View.php(222): CodeIgniter\View\View->CodeIgniter\View\{closure}()
#9 /home/radinseir/domains/radinseir.ir/public_html/support/hdz/framework/View/View.php(236): CodeIgniter\View\View->render()
#10 /home/radinseir/domains/radinseir.ir/public_html/support/hdz/framework/Common.php(1217): CodeIgniter\View\View->render()
#11 /home/radinseir/domains/radinseir.ir/public_html/support/hdz/app/Controllers/Kb.php(12): view()
#12 /home/radinseir/domains/radinseir.ir/public_html/support/hdz/framework/CodeIgniter.php(936): App\Controllers\Kb->error404()
#13 /home/radinseir/domains/radinseir.ir/public_html/support/hdz/framework/CodeIgniter.php(970): CodeIgniter\CodeIgniter->runController()
#14 /home/radinseir/domains/radinseir.ir/public_html/support/hdz/framework/CodeIgniter.php(349): CodeIgniter\CodeIgniter->display404errors()
#15 /home/radinseir/domains/radinseir.ir/public_html/support/index.php(44): CodeIgniter\CodeIgniter->run()
#16 {main}
ERROR - 2025-02-01 07:55:15 --> mysqli_sql_exception: Table 'radinseir_support.hdz_config' doesn't exist in /home/radinseir/domains/radinseir.ir/public_html/support/hdz/framework/Database/MySQLi/Connection.php:314
Stack trace:
#0 /home/radinseir/domains/radinseir.ir/public_html/support/hdz/framework/Database/MySQLi/Connection.php(314): mysqli->query()
#1 /home/radinseir/domains/radinseir.ir/public_html/support/hdz/framework/Database/BaseConnection.php(713): CodeIgniter\Database\MySQLi\Connection->execute()
#2 /home/radinseir/domains/radinseir.ir/public_html/support/hdz/framework/Database/BaseConnection.php(641): CodeIgniter\Database\BaseConnection->simpleQuery()
#3 /home/radinseir/domains/radinseir.ir/public_html/support/hdz/framework/Database/BaseBuilder.php(1866): CodeIgniter\Database\BaseConnection->query()
#4 /home/radinseir/domains/radinseir.ir/public_html/support/hdz/app/Libraries/Settings.php(20): CodeIgniter\Database\BaseBuilder->get()
#5 /home/radinseir/domains/radinseir.ir/public_html/support/hdz/app/Controllers/BaseController.php(71): App\Libraries\Settings->config()
#6 /home/radinseir/domains/radinseir.ir/public_html/support/hdz/framework/CodeIgniter.php(909): App\Controllers\BaseController->initController()
#7 /home/radinseir/domains/radinseir.ir/public_html/support/hdz/framework/CodeIgniter.php(969): CodeIgniter\CodeIgniter->createController()
#8 /home/radinseir/domains/radinseir.ir/public_html/support/hdz/framework/CodeIgniter.php(349): CodeIgniter\CodeIgniter->display404errors()
#9 /home/radinseir/domains/radinseir.ir/public_html/support/index.php(44): CodeIgniter\CodeIgniter->run()
#10 {main}
ERROR - 2025-02-01 07:55:15 --> mysqli_sql_exception: Table 'radinseir_support.hdz_kb_category' doesn't exist in /home/radinseir/domains/radinseir.ir/public_html/support/hdz/framework/Database/MySQLi/Connection.php:314
Stack trace:
#0 /home/radinseir/domains/radinseir.ir/public_html/support/hdz/framework/Database/MySQLi/Connection.php(314): mysqli->query()
#1 /home/radinseir/domains/radinseir.ir/public_html/support/hdz/framework/Database/BaseConnection.php(713): CodeIgniter\Database\MySQLi\Connection->execute()
#2 /home/radinseir/domains/radinseir.ir/public_html/support/hdz/framework/Database/BaseConnection.php(641): CodeIgniter\Database\BaseConnection->simpleQuery()
#3 /home/radinseir/domains/radinseir.ir/public_html/support/hdz/framework/Database/BaseBuilder.php(1866): CodeIgniter\Database\BaseConnection->query()
#4 /home/radinseir/domains/radinseir.ir/public_html/support/hdz/framework/Model.php(836): CodeIgniter\Database\BaseBuilder->get()
#5 /home/radinseir/domains/radinseir.ir/public_html/support/hdz/app/Libraries/Kb.php(73): CodeIgniter\Model->__call()
#6 /home/radinseir/domains/radinseir.ir/public_html/support/hdz/app/Libraries/Kb.php(28): App\Libraries\Kb->publicCatList()
#7 /home/radinseir/domains/radinseir.ir/public_html/support/hdz/app/Config/Services.php(41): App\Libraries\Kb->__construct()
#8 /home/radinseir/domains/radinseir.ir/public_html/support/hdz/framework/Config/BaseService.php(100): Config\Services::kb()
#9 /home/radinseir/domains/radinseir.ir/public_html/support/hdz/app/Config/Services.php(39): CodeIgniter\Config\BaseService::getSharedInstance()
#10 /home/radinseir/domains/radinseir.ir/public_html/support/hdz/app/Helpers/helpdesk_helper.php(123): Config\Services::kb()
#11 /home/radinseir/domains/radinseir.ir/public_html/support/hdz/app/Views/client/page_template.php(39): kb_popular()
#12 /home/radinseir/domains/radinseir.ir/public_html/support/hdz/framework/View/View.php(220): include('...')
#13 /home/radinseir/domains/radinseir.ir/public_html/support/hdz/framework/View/View.php(222): CodeIgniter\View\View->CodeIgniter\View\{closure}()
#14 /home/radinseir/domains/radinseir.ir/public_html/support/hdz/framework/View/View.php(236): CodeIgniter\View\View->render()
#15 /home/radinseir/domains/radinseir.ir/public_html/support/hdz/framework/Common.php(1217): CodeIgniter\View\View->render()
#16 /home/radinseir/domains/radinseir.ir/public_html/support/hdz/app/Controllers/Kb.php(12): view()
#17 /home/radinseir/domains/radinseir.ir/public_html/support/hdz/framework/CodeIgniter.php(936): App\Controllers\Kb->error404()
#18 /home/radinseir/domains/radinseir.ir/public_html/support/hdz/framework/CodeIgniter.php(970): CodeIgniter\CodeIgniter->runController()
#19 /home/radinseir/domains/radinseir.ir/public_html/support/hdz/framework/CodeIgniter.php(349): CodeIgniter\CodeIgniter->display404errors()
#20 /home/radinseir/domains/radinseir.ir/public_html/support/index.php(44): CodeIgniter\CodeIgniter->run()
#21 {main}
CRITICAL - 2025-02-01 07:55:15 --> Attempt to read property "num_rows" on bool
#0 /home/radinseir/domains/radinseir.ir/public_html/support/hdz/app/Libraries/Kb.php(74): CodeIgniter\Debug\Exceptions->errorHandler()
#1 /home/radinseir/domains/radinseir.ir/public_html/support/hdz/app/Libraries/Kb.php(28): App\Libraries\Kb->publicCatList()
#2 /home/radinseir/domains/radinseir.ir/public_html/support/hdz/app/Config/Services.php(41): App\Libraries\Kb->__construct()
#3 /home/radinseir/domains/radinseir.ir/public_html/support/hdz/framework/Config/BaseService.php(100): Config\Services::kb()
#4 /home/radinseir/domains/radinseir.ir/public_html/support/hdz/app/Config/Services.php(39): CodeIgniter\Config\BaseService::getSharedInstance()
#5 /home/radinseir/domains/radinseir.ir/public_html/support/hdz/app/Helpers/helpdesk_helper.php(123): Config\Services::kb()
#6 /home/radinseir/domains/radinseir.ir/public_html/support/hdz/app/Views/client/page_template.php(39): kb_popular()
#7 /home/radinseir/domains/radinseir.ir/public_html/support/hdz/framework/View/View.php(220): include('...')
#8 /home/radinseir/domains/radinseir.ir/public_html/support/hdz/framework/View/View.php(222): CodeIgniter\View\View->CodeIgniter\View\{closure}()
#9 /home/radinseir/domains/radinseir.ir/public_html/support/hdz/framework/View/View.php(236): CodeIgniter\View\View->render()
#10 /home/radinseir/domains/radinseir.ir/public_html/support/hdz/framework/Common.php(1217): CodeIgniter\View\View->render()
#11 /home/radinseir/domains/radinseir.ir/public_html/support/hdz/app/Controllers/Kb.php(12): view()
#12 /home/radinseir/domains/radinseir.ir/public_html/support/hdz/framework/CodeIgniter.php(936): App\Controllers\Kb->error404()
#13 /home/radinseir/domains/radinseir.ir/public_html/support/hdz/framework/CodeIgniter.php(970): CodeIgniter\CodeIgniter->runController()
#14 /home/radinseir/domains/radinseir.ir/public_html/support/hdz/framework/CodeIgniter.php(349): CodeIgniter\CodeIgniter->display404errors()
#15 /home/radinseir/domains/radinseir.ir/public_html/support/index.php(44): CodeIgniter\CodeIgniter->run()
#16 {main}
ERROR - 2025-02-01 07:55:15 --> mysqli_sql_exception: Table 'radinseir_support.hdz_config' doesn't exist in /home/radinseir/domains/radinseir.ir/public_html/support/hdz/framework/Database/MySQLi/Connection.php:314
Stack trace:
#0 /home/radinseir/domains/radinseir.ir/public_html/support/hdz/framework/Database/MySQLi/Connection.php(314): mysqli->query()
#1 /home/radinseir/domains/radinseir.ir/public_html/support/hdz/framework/Database/BaseConnection.php(713): CodeIgniter\Database\MySQLi\Connection->execute()
#2 /home/radinseir/domains/radinseir.ir/public_html/support/hdz/framework/Database/BaseConnection.php(641): CodeIgniter\Database\BaseConnection->simpleQuery()
#3 /home/radinseir/domains/radinseir.ir/public_html/support/hdz/framework/Database/BaseBuilder.php(1866): CodeIgniter\Database\BaseConnection->query()
#4 /home/radinseir/domains/radinseir.ir/public_html/support/hdz/app/Libraries/Settings.php(20): CodeIgniter\Database\BaseBuilder->get()
#5 /home/radinseir/domains/radinseir.ir/public_html/support/hdz/app/Controllers/BaseController.php(71): App\Libraries\Settings->config()
#6 /home/radinseir/domains/radinseir.ir/public_html/support/hdz/framework/CodeIgniter.php(909): App\Controllers\BaseController->initController()
#7 /home/radinseir/domains/radinseir.ir/public_html/support/hdz/framework/CodeIgniter.php(969): CodeIgniter\CodeIgniter->createController()
#8 /home/radinseir/domains/radinseir.ir/public_html/support/hdz/framework/CodeIgniter.php(349): CodeIgniter\CodeIgniter->display404errors()
#9 /home/radinseir/domains/radinseir.ir/public_html/support/index.php(44): CodeIgniter\CodeIgniter->run()
#10 {main}
ERROR - 2025-02-01 07:55:15 --> mysqli_sql_exception: Table 'radinseir_support.hdz_kb_category' doesn't exist in /home/radinseir/domains/radinseir.ir/public_html/support/hdz/framework/Database/MySQLi/Connection.php:314
Stack trace:
#0 /home/radinseir/domains/radinseir.ir/public_html/support/hdz/framework/Database/MySQLi/Connection.php(314): mysqli->query()
#1 /home/radinseir/domains/radinseir.ir/public_html/support/hdz/framework/Database/BaseConnection.php(713): CodeIgniter\Database\MySQLi\Connection->execute()
#2 /home/radinseir/domains/radinseir.ir/public_html/support/hdz/framework/Database/BaseConnection.php(641): CodeIgniter\Database\BaseConnection->simpleQuery()
#3 /home/radinseir/domains/radinseir.ir/public_html/support/hdz/framework/Database/BaseBuilder.php(1866): CodeIgniter\Database\BaseConnection->query()
#4 /home/radinseir/domains/radinseir.ir/public_html/support/hdz/framework/Model.php(836): CodeIgniter\Database\BaseBuilder->get()
#5 /home/radinseir/domains/radinseir.ir/public_html/support/hdz/app/Libraries/Kb.php(73): CodeIgniter\Model->__call()
#6 /home/radinseir/domains/radinseir.ir/public_html/support/hdz/app/Libraries/Kb.php(28): App\Libraries\Kb->publicCatList()
#7 /home/radinseir/domains/radinseir.ir/public_html/support/hdz/app/Config/Services.php(41): App\Libraries\Kb->__construct()
#8 /home/radinseir/domains/radinseir.ir/public_html/support/hdz/framework/Config/BaseService.php(100): Config\Services::kb()
#9 /home/radinseir/domains/radinseir.ir/public_html/support/hdz/app/Config/Services.php(39): CodeIgniter\Config\BaseService::getSharedInstance()
#10 /home/radinseir/domains/radinseir.ir/public_html/support/hdz/app/Helpers/helpdesk_helper.php(123): Config\Services::kb()
#11 /home/radinseir/domains/radinseir.ir/public_html/support/hdz/app/Views/client/page_template.php(39): kb_popular()
#12 /home/radinseir/domains/radinseir.ir/public_html/support/hdz/framework/View/View.php(220): include('...')
#13 /home/radinseir/domains/radinseir.ir/public_html/support/hdz/framework/View/View.php(222): CodeIgniter\View\View->CodeIgniter\View\{closure}()
#14 /home/radinseir/domains/radinseir.ir/public_html/support/hdz/framework/View/View.php(236): CodeIgniter\View\View->render()
#15 /home/radinseir/domains/radinseir.ir/public_html/support/hdz/framework/Common.php(1217): CodeIgniter\View\View->render()
#16 /home/radinseir/domains/radinseir.ir/public_html/support/hdz/app/Controllers/Kb.php(12): view()
#17 /home/radinseir/domains/radinseir.ir/public_html/support/hdz/framework/CodeIgniter.php(936): App\Controllers\Kb->error404()
#18 /home/radinseir/domains/radinseir.ir/public_html/support/hdz/framework/CodeIgniter.php(970): CodeIgniter\CodeIgniter->runController()
#19 /home/radinseir/domains/radinseir.ir/public_html/support/hdz/framework/CodeIgniter.php(349): CodeIgniter\CodeIgniter->display404errors()
#20 /home/radinseir/domains/radinseir.ir/public_html/support/index.php(44): CodeIgniter\CodeIgniter->run()
#21 {main}
CRITICAL - 2025-02-01 07:55:15 --> Attempt to read property "num_rows" on bool
#0 /home/radinseir/domains/radinseir.ir/public_html/support/hdz/app/Libraries/Kb.php(74): CodeIgniter\Debug\Exceptions->errorHandler()
#1 /home/radinseir/domains/radinseir.ir/public_html/support/hdz/app/Libraries/Kb.php(28): App\Libraries\Kb->publicCatList()
#2 /home/radinseir/domains/radinseir.ir/public_html/support/hdz/app/Config/Services.php(41): App\Libraries\Kb->__construct()
#3 /home/radinseir/domains/radinseir.ir/public_html/support/hdz/framework/Config/BaseService.php(100): Config\Services::kb()
#4 /home/radinseir/domains/radinseir.ir/public_html/support/hdz/app/Config/Services.php(39): CodeIgniter\Config\BaseService::getSharedInstance()
#5 /home/radinseir/domains/radinseir.ir/public_html/support/hdz/app/Helpers/helpdesk_helper.php(123): Config\Services::kb()
#6 /home/radinseir/domains/radinseir.ir/public_html/support/hdz/app/Views/client/page_template.php(39): kb_popular()
#7 /home/radinseir/domains/radinseir.ir/public_html/support/hdz/framework/View/View.php(220): include('...')
#8 /home/radinseir/domains/radinseir.ir/public_html/support/hdz/framework/View/View.php(222): CodeIgniter\View\View->CodeIgniter\View\{closure}()
#9 /home/radinseir/domains/radinseir.ir/public_html/support/hdz/framework/View/View.php(236): CodeIgniter\View\View->render()
#10 /home/radinseir/domains/radinseir.ir/public_html/support/hdz/framework/Common.php(1217): CodeIgniter\View\View->render()
#11 /home/radinseir/domains/radinseir.ir/public_html/support/hdz/app/Controllers/Kb.php(12): view()
#12 /home/radinseir/domains/radinseir.ir/public_html/support/hdz/framework/CodeIgniter.php(936): App\Controllers\Kb->error404()
#13 /home/radinseir/domains/radinseir.ir/public_html/support/hdz/framework/CodeIgniter.php(970): CodeIgniter\CodeIgniter->runController()
#14 /home/radinseir/domains/radinseir.ir/public_html/support/hdz/framework/CodeIgniter.php(349): CodeIgniter\CodeIgniter->display404errors()
#15 /home/radinseir/domains/radinseir.ir/public_html/support/index.php(44): CodeIgniter\CodeIgniter->run()
#16 {main}
ERROR - 2025-02-01 07:55:15 --> mysqli_sql_exception: Table 'radinseir_support.hdz_config' doesn't exist in /home/radinseir/domains/radinseir.ir/public_html/support/hdz/framework/Database/MySQLi/Connection.php:314
Stack trace:
#0 /home/radinseir/domains/radinseir.ir/public_html/support/hdz/framework/Database/MySQLi/Connection.php(314): mysqli->query()
#1 /home/radinseir/domains/radinseir.ir/public_html/support/hdz/framework/Database/BaseConnection.php(713): CodeIgniter\Database\MySQLi\Connection->execute()
#2 /home/radinseir/domains/radinseir.ir/public_html/support/hdz/framework/Database/BaseConnection.php(641): CodeIgniter\Database\BaseConnection->simpleQuery()
#3 /home/radinseir/domains/radinseir.ir/public_html/support/hdz/framework/Database/BaseBuilder.php(1866): CodeIgniter\Database\BaseConnection->query()
#4 /home/radinseir/domains/radinseir.ir/public_html/support/hdz/app/Libraries/Settings.php(20): CodeIgniter\Database\BaseBuilder->get()
#5 /home/radinseir/domains/radinseir.ir/public_html/support/hdz/app/Controllers/BaseController.php(71): App\Libraries\Settings->config()
#6 /home/radinseir/domains/radinseir.ir/public_html/support/hdz/framework/CodeIgniter.php(909): App\Controllers\BaseController->initController()
#7 /home/radinseir/domains/radinseir.ir/public_html/support/hdz/framework/CodeIgniter.php(969): CodeIgniter\CodeIgniter->createController()
#8 /home/radinseir/domains/radinseir.ir/public_html/support/hdz/framework/CodeIgniter.php(349): CodeIgniter\CodeIgniter->display404errors()
#9 /home/radinseir/domains/radinseir.ir/public_html/support/index.php(44): CodeIgniter\CodeIgniter->run()
#10 {main}
ERROR - 2025-02-01 07:55:15 --> mysqli_sql_exception: Table 'radinseir_support.hdz_kb_category' doesn't exist in /home/radinseir/domains/radinseir.ir/public_html/support/hdz/framework/Database/MySQLi/Connection.php:314
Stack trace:
#0 /home/radinseir/domains/radinseir.ir/public_html/support/hdz/framework/Database/MySQLi/Connection.php(314): mysqli->query()
#1 /home/radinseir/domains/radinseir.ir/public_html/support/hdz/framework/Database/BaseConnection.php(713): CodeIgniter\Database\MySQLi\Connection->execute()
#2 /home/radinseir/domains/radinseir.ir/public_html/support/hdz/framework/Database/BaseConnection.php(641): CodeIgniter\Database\BaseConnection->simpleQuery()
#3 /home/radinseir/domains/radinseir.ir/public_html/support/hdz/framework/Database/BaseBuilder.php(1866): CodeIgniter\Database\BaseConnection->query()
#4 /home/radinseir/domains/radinseir.ir/public_html/support/hdz/framework/Model.php(836): CodeIgniter\Database\BaseBuilder->get()
#5 /home/radinseir/domains/radinseir.ir/public_html/support/hdz/app/Libraries/Kb.php(73): CodeIgniter\Model->__call()
#6 /home/radinseir/domains/radinseir.ir/public_html/support/hdz/app/Libraries/Kb.php(28): App\Libraries\Kb->publicCatList()
#7 /home/radinseir/domains/radinseir.ir/public_html/support/hdz/app/Config/Services.php(41): App\Libraries\Kb->__construct()
#8 /home/radinseir/domains/radinseir.ir/public_html/support/hdz/framework/Config/BaseService.php(100): Config\Services::kb()
#9 /home/radinseir/domains/radinseir.ir/public_html/support/hdz/app/Config/Services.php(39): CodeIgniter\Config\BaseService::getSharedInstance()
#10 /home/radinseir/domains/radinseir.ir/public_html/support/hdz/app/Helpers/helpdesk_helper.php(123): Config\Services::kb()
#11 /home/radinseir/domains/radinseir.ir/public_html/support/hdz/app/Views/client/page_template.php(39): kb_popular()
#12 /home/radinseir/domains/radinseir.ir/public_html/support/hdz/framework/View/View.php(220): include('...')
#13 /home/radinseir/domains/radinseir.ir/public_html/support/hdz/framework/View/View.php(222): CodeIgniter\View\View->CodeIgniter\View\{closure}()
#14 /home/radinseir/domains/radinseir.ir/public_html/support/hdz/framework/View/View.php(236): CodeIgniter\View\View->render()
#15 /home/radinseir/domains/radinseir.ir/public_html/support/hdz/framework/Common.php(1217): CodeIgniter\View\View->render()
#16 /home/radinseir/domains/radinseir.ir/public_html/support/hdz/app/Controllers/Kb.php(12): view()
#17 /home/radinseir/domains/radinseir.ir/public_html/support/hdz/framework/CodeIgniter.php(936): App\Controllers\Kb->error404()
#18 /home/radinseir/domains/radinseir.ir/public_html/support/hdz/framework/CodeIgniter.php(970): CodeIgniter\CodeIgniter->runController()
#19 /home/radinseir/domains/radinseir.ir/public_html/support/hdz/framework/CodeIgniter.php(349): CodeIgniter\CodeIgniter->display404errors()
#20 /home/radinseir/domains/radinseir.ir/public_html/support/index.php(44): CodeIgniter\CodeIgniter->run()
#21 {main}
CRITICAL - 2025-02-01 07:55:15 --> Attempt to read property "num_rows" on bool
#0 /home/radinseir/domains/radinseir.ir/public_html/support/hdz/app/Libraries/Kb.php(74): CodeIgniter\Debug\Exceptions->errorHandler()
#1 /home/radinseir/domains/radinseir.ir/public_html/support/hdz/app/Libraries/Kb.php(28): App\Libraries\Kb->publicCatList()
#2 /home/radinseir/domains/radinseir.ir/public_html/support/hdz/app/Config/Services.php(41): App\Libraries\Kb->__construct()
#3 /home/radinseir/domains/radinseir.ir/public_html/support/hdz/framework/Config/BaseService.php(100): Config\Services::kb()
#4 /home/radinseir/domains/radinseir.ir/public_html/support/hdz/app/Config/Services.php(39): CodeIgniter\Config\BaseService::getSharedInstance()
#5 /home/radinseir/domains/radinseir.ir/public_html/support/hdz/app/Helpers/helpdesk_helper.php(123): Config\Services::kb()
#6 /home/radinseir/domains/radinseir.ir/public_html/support/hdz/app/Views/client/page_template.php(39): kb_popular()
#7 /home/radinseir/domains/radinseir.ir/public_html/support/hdz/framework/View/View.php(220): include('...')
#8 /home/radinseir/domains/radinseir.ir/public_html/support/hdz/framework/View/View.php(222): CodeIgniter\View\View->CodeIgniter\View\{closure}()
#9 /home/radinseir/domains/radinseir.ir/public_html/support/hdz/framework/View/View.php(236): CodeIgniter\View\View->render()
#10 /home/radinseir/domains/radinseir.ir/public_html/support/hdz/framework/Common.php(1217): CodeIgniter\View\View->render()
#11 /home/radinseir/domains/radinseir.ir/public_html/support/hdz/app/Controllers/Kb.php(12): view()
#12 /home/radinseir/domains/radinseir.ir/public_html/support/hdz/framework/CodeIgniter.php(936): App\Controllers\Kb->error404()
#13 /home/radinseir/domains/radinseir.ir/public_html/support/hdz/framework/CodeIgniter.php(970): CodeIgniter\CodeIgniter->runController()
#14 /home/radinseir/domains/radinseir.ir/public_html/support/hdz/framework/CodeIgniter.php(349): CodeIgniter\CodeIgniter->display404errors()
#15 /home/radinseir/domains/radinseir.ir/public_html/support/index.php(44): CodeIgniter\CodeIgniter->run()
#16 {main}
ERROR - 2025-02-01 07:55:16 --> mysqli_sql_exception: Table 'radinseir_support.hdz_config' doesn't exist in /home/radinseir/domains/radinseir.ir/public_html/support/hdz/framework/Database/MySQLi/Connection.php:314
Stack trace:
#0 /home/radinseir/domains/radinseir.ir/public_html/support/hdz/framework/Database/MySQLi/Connection.php(314): mysqli->query()
#1 /home/radinseir/domains/radinseir.ir/public_html/support/hdz/framework/Database/BaseConnection.php(713): CodeIgniter\Database\MySQLi\Connection->execute()
#2 /home/radinseir/domains/radinseir.ir/public_html/support/hdz/framework/Database/BaseConnection.php(641): CodeIgniter\Database\BaseConnection->simpleQuery()
#3 /home/radinseir/domains/radinseir.ir/public_html/support/hdz/framework/Database/BaseBuilder.php(1866): CodeIgniter\Database\BaseConnection->query()
#4 /home/radinseir/domains/radinseir.ir/public_html/support/hdz/app/Libraries/Settings.php(20): CodeIgniter\Database\BaseBuilder->get()
#5 /home/radinseir/domains/radinseir.ir/public_html/support/hdz/app/Controllers/BaseController.php(71): App\Libraries\Settings->config()
#6 /home/radinseir/domains/radinseir.ir/public_html/support/hdz/framework/CodeIgniter.php(909): App\Controllers\BaseController->initController()
#7 /home/radinseir/domains/radinseir.ir/public_html/support/hdz/framework/CodeIgniter.php(969): CodeIgniter\CodeIgniter->createController()
#8 /home/radinseir/domains/radinseir.ir/public_html/support/hdz/framework/CodeIgniter.php(349): CodeIgniter\CodeIgniter->display404errors()
#9 /home/radinseir/domains/radinseir.ir/public_html/support/index.php(44): CodeIgniter\CodeIgniter->run()
#10 {main}
ERROR - 2025-02-01 07:55:16 --> mysqli_sql_exception: Table 'radinseir_support.hdz_kb_category' doesn't exist in /home/radinseir/domains/radinseir.ir/public_html/support/hdz/framework/Database/MySQLi/Connection.php:314
Stack trace:
#0 /home/radinseir/domains/radinseir.ir/public_html/support/hdz/framework/Database/MySQLi/Connection.php(314): mysqli->query()
#1 /home/radinseir/domains/radinseir.ir/public_html/support/hdz/framework/Database/BaseConnection.php(713): CodeIgniter\Database\MySQLi\Connection->execute()
#2 /home/radinseir/domains/radinseir.ir/public_html/support/hdz/framework/Database/BaseConnection.php(641): CodeIgniter\Database\BaseConnection->simpleQuery()
#3 /home/radinseir/domains/radinseir.ir/public_html/support/hdz/framework/Database/BaseBuilder.php(1866): CodeIgniter\Database\BaseConnection->query()
#4 /home/radinseir/domains/radinseir.ir/public_html/support/hdz/framework/Model.php(836): CodeIgniter\Database\BaseBuilder->get()
#5 /home/radinseir/domains/radinseir.ir/public_html/support/hdz/app/Libraries/Kb.php(73): CodeIgniter\Model->__call()
#6 /home/radinseir/domains/radinseir.ir/public_html/support/hdz/app/Libraries/Kb.php(28): App\Libraries\Kb->publicCatList()
#7 /home/radinseir/domains/radinseir.ir/public_html/support/hdz/app/Config/Services.php(41): App\Libraries\Kb->__construct()
#8 /home/radinseir/domains/radinseir.ir/public_html/support/hdz/framework/Config/BaseService.php(100): Config\Services::kb()
#9 /home/radinseir/domains/radinseir.ir/public_html/support/hdz/app/Config/Services.php(39): CodeIgniter\Config\BaseService::getSharedInstance()
#10 /home/radinseir/domains/radinseir.ir/public_html/support/hdz/app/Helpers/helpdesk_helper.php(123): Config\Services::kb()
#11 /home/radinseir/domains/radinseir.ir/public_html/support/hdz/app/Views/client/page_template.php(39): kb_popular()
#12 /home/radinseir/domains/radinseir.ir/public_html/support/hdz/framework/View/View.php(220): include('...')
#13 /home/radinseir/domains/radinseir.ir/public_html/support/hdz/framework/View/View.php(222): CodeIgniter\View\View->CodeIgniter\View\{closure}()
#14 /home/radinseir/domains/radinseir.ir/public_html/support/hdz/framework/View/View.php(236): CodeIgniter\View\View->render()
#15 /home/radinseir/domains/radinseir.ir/public_html/support/hdz/framework/Common.php(1217): CodeIgniter\View\View->render()
#16 /home/radinseir/domains/radinseir.ir/public_html/support/hdz/app/Controllers/Kb.php(12): view()
#17 /home/radinseir/domains/radinseir.ir/public_html/support/hdz/framework/CodeIgniter.php(936): App\Controllers\Kb->error404()
#18 /home/radinseir/domains/radinseir.ir/public_html/support/hdz/framework/CodeIgniter.php(970): CodeIgniter\CodeIgniter->runController()
#19 /home/radinseir/domains/radinseir.ir/public_html/support/hdz/framework/CodeIgniter.php(349): CodeIgniter\CodeIgniter->display404errors()
#20 /home/radinseir/domains/radinseir.ir/public_html/support/index.php(44): CodeIgniter\CodeIgniter->run()
#21 {main}
CRITICAL - 2025-02-01 07:55:16 --> Attempt to read property "num_rows" on bool
#0 /home/radinseir/domains/radinseir.ir/public_html/support/hdz/app/Libraries/Kb.php(74): CodeIgniter\Debug\Exceptions->errorHandler()
#1 /home/radinseir/domains/radinseir.ir/public_html/support/hdz/app/Libraries/Kb.php(28): App\Libraries\Kb->publicCatList()
#2 /home/radinseir/domains/radinseir.ir/public_html/support/hdz/app/Config/Services.php(41): App\Libraries\Kb->__construct()
#3 /home/radinseir/domains/radinseir.ir/public_html/support/hdz/framework/Config/BaseService.php(100): Config\Services::kb()
#4 /home/radinseir/domains/radinseir.ir/public_html/support/hdz/app/Config/Services.php(39): CodeIgniter\Config\BaseService::getSharedInstance()
#5 /home/radinseir/domains/radinseir.ir/public_html/support/hdz/app/Helpers/helpdesk_helper.php(123): Config\Services::kb()
#6 /home/radinseir/domains/radinseir.ir/public_html/support/hdz/app/Views/client/page_template.php(39): kb_popular()
#7 /home/radinseir/domains/radinseir.ir/public_html/support/hdz/framework/View/View.php(220): include('...')
#8 /home/radinseir/domains/radinseir.ir/public_html/support/hdz/framework/View/View.php(222): CodeIgniter\View\View->CodeIgniter\View\{closure}()
#9 /home/radinseir/domains/radinseir.ir/public_html/support/hdz/framework/View/View.php(236): CodeIgniter\View\View->render()
#10 /home/radinseir/domains/radinseir.ir/public_html/support/hdz/framework/Common.php(1217): CodeIgniter\View\View->render()
#11 /home/radinseir/domains/radinseir.ir/public_html/support/hdz/app/Controllers/Kb.php(12): view()
#12 /home/radinseir/domains/radinseir.ir/public_html/support/hdz/framework/CodeIgniter.php(936): App\Controllers\Kb->error404()
#13 /home/radinseir/domains/radinseir.ir/public_html/support/hdz/framework/CodeIgniter.php(970): CodeIgniter\CodeIgniter->runController()
#14 /home/radinseir/domains/radinseir.ir/public_html/support/hdz/framework/CodeIgniter.php(349): CodeIgniter\CodeIgniter->display404errors()
#15 /home/radinseir/domains/radinseir.ir/public_html/support/index.php(44): CodeIgniter\CodeIgniter->run()
#16 {main}
ERROR - 2025-02-01 07:55:16 --> mysqli_sql_exception: Table 'radinseir_support.hdz_config' doesn't exist in /home/radinseir/domains/radinseir.ir/public_html/support/hdz/framework/Database/MySQLi/Connection.php:314
Stack trace:
#0 /home/radinseir/domains/radinseir.ir/public_html/support/hdz/framework/Database/MySQLi/Connection.php(314): mysqli->query()
#1 /home/radinseir/domains/radinseir.ir/public_html/support/hdz/framework/Database/BaseConnection.php(713): CodeIgniter\Database\MySQLi\Connection->execute()
#2 /home/radinseir/domains/radinseir.ir/public_html/support/hdz/framework/Database/BaseConnection.php(641): CodeIgniter\Database\BaseConnection->simpleQuery()
#3 /home/radinseir/domains/radinseir.ir/public_html/support/hdz/framework/Database/BaseBuilder.php(1866): CodeIgniter\Database\BaseConnection->query()
#4 /home/radinseir/domains/radinseir.ir/public_html/support/hdz/app/Libraries/Settings.php(20): CodeIgniter\Database\BaseBuilder->get()
#5 /home/radinseir/domains/radinseir.ir/public_html/support/hdz/app/Controllers/BaseController.php(71): App\Libraries\Settings->config()
#6 /home/radinseir/domains/radinseir.ir/public_html/support/hdz/framework/CodeIgniter.php(909): App\Controllers\BaseController->initController()
#7 /home/radinseir/domains/radinseir.ir/public_html/support/hdz/framework/CodeIgniter.php(969): CodeIgniter\CodeIgniter->createController()
#8 /home/radinseir/domains/radinseir.ir/public_html/support/hdz/framework/CodeIgniter.php(349): CodeIgniter\CodeIgniter->display404errors()
#9 /home/radinseir/domains/radinseir.ir/public_html/support/index.php(44): CodeIgniter\CodeIgniter->run()
#10 {main}
ERROR - 2025-02-01 07:55:16 --> mysqli_sql_exception: Table 'radinseir_support.hdz_kb_category' doesn't exist in /home/radinseir/domains/radinseir.ir/public_html/support/hdz/framework/Database/MySQLi/Connection.php:314
Stack trace:
#0 /home/radinseir/domains/radinseir.ir/public_html/support/hdz/framework/Database/MySQLi/Connection.php(314): mysqli->query()
#1 /home/radinseir/domains/radinseir.ir/public_html/support/hdz/framework/Database/BaseConnection.php(713): CodeIgniter\Database\MySQLi\Connection->execute()
#2 /home/radinseir/domains/radinseir.ir/public_html/support/hdz/framework/Database/BaseConnection.php(641): CodeIgniter\Database\BaseConnection->simpleQuery()
#3 /home/radinseir/domains/radinseir.ir/public_html/support/hdz/framework/Database/BaseBuilder.php(1866): CodeIgniter\Database\BaseConnection->query()
#4 /home/radinseir/domains/radinseir.ir/public_html/support/hdz/framework/Model.php(836): CodeIgniter\Database\BaseBuilder->get()
#5 /home/radinseir/domains/radinseir.ir/public_html/support/hdz/app/Libraries/Kb.php(73): CodeIgniter\Model->__call()
#6 /home/radinseir/domains/radinseir.ir/public_html/support/hdz/app/Libraries/Kb.php(28): App\Libraries\Kb->publicCatList()
#7 /home/radinseir/domains/radinseir.ir/public_html/support/hdz/app/Config/Services.php(41): App\Libraries\Kb->__construct()
#8 /home/radinseir/domains/radinseir.ir/public_html/support/hdz/framework/Config/BaseService.php(100): Config\Services::kb()
#9 /home/radinseir/domains/radinseir.ir/public_html/support/hdz/app/Config/Services.php(39): CodeIgniter\Config\BaseService::getSharedInstance()
#10 /home/radinseir/domains/radinseir.ir/public_html/support/hdz/app/Helpers/helpdesk_helper.php(123): Config\Services::kb()
#11 /home/radinseir/domains/radinseir.ir/public_html/support/hdz/app/Views/client/page_template.php(39): kb_popular()
#12 /home/radinseir/domains/radinseir.ir/public_html/support/hdz/framework/View/View.php(220): include('...')
#13 /home/radinseir/domains/radinseir.ir/public_html/support/hdz/framework/View/View.php(222): CodeIgniter\View\View->CodeIgniter\View\{closure}()
#14 /home/radinseir/domains/radinseir.ir/public_html/support/hdz/framework/View/View.php(236): CodeIgniter\View\View->render()
#15 /home/radinseir/domains/radinseir.ir/public_html/support/hdz/framework/Common.php(1217): CodeIgniter\View\View->render()
#16 /home/radinseir/domains/radinseir.ir/public_html/support/hdz/app/Controllers/Kb.php(12): view()
#17 /home/radinseir/domains/radinseir.ir/public_html/support/hdz/framework/CodeIgniter.php(936): App\Controllers\Kb->error404()
#18 /home/radinseir/domains/radinseir.ir/public_html/support/hdz/framework/CodeIgniter.php(970): CodeIgniter\CodeIgniter->runController()
#19 /home/radinseir/domains/radinseir.ir/public_html/support/hdz/framework/CodeIgniter.php(349): CodeIgniter\CodeIgniter->display404errors()
#20 /home/radinseir/domains/radinseir.ir/public_html/support/index.php(44): CodeIgniter\CodeIgniter->run()
#21 {main}
CRITICAL - 2025-02-01 07:55:16 --> Attempt to read property "num_rows" on bool
#0 /home/radinseir/domains/radinseir.ir/public_html/support/hdz/app/Libraries/Kb.php(74): CodeIgniter\Debug\Exceptions->errorHandler()
#1 /home/radinseir/domains/radinseir.ir/public_html/support/hdz/app/Libraries/Kb.php(28): App\Libraries\Kb->publicCatList()
#2 /home/radinseir/domains/radinseir.ir/public_html/support/hdz/app/Config/Services.php(41): App\Libraries\Kb->__construct()
#3 /home/radinseir/domains/radinseir.ir/public_html/support/hdz/framework/Config/BaseService.php(100): Config\Services::kb()
#4 /home/radinseir/domains/radinseir.ir/public_html/support/hdz/app/Config/Services.php(39): CodeIgniter\Config\BaseService::getSharedInstance()
#5 /home/radinseir/domains/radinseir.ir/public_html/support/hdz/app/Helpers/helpdesk_helper.php(123): Config\Services::kb()
#6 /home/radinseir/domains/radinseir.ir/public_html/support/hdz/app/Views/client/page_template.php(39): kb_popular()
#7 /home/radinseir/domains/radinseir.ir/public_html/support/hdz/framework/View/View.php(220): include('...')
#8 /home/radinseir/domains/radinseir.ir/public_html/support/hdz/framework/View/View.php(222): CodeIgniter\View\View->CodeIgniter\View\{closure}()
#9 /home/radinseir/domains/radinseir.ir/public_html/support/hdz/framework/View/View.php(236): CodeIgniter\View\View->render()
#10 /home/radinseir/domains/radinseir.ir/public_html/support/hdz/framework/Common.php(1217): CodeIgniter\View\View->render()
#11 /home/radinseir/domains/radinseir.ir/public_html/support/hdz/app/Controllers/Kb.php(12): view()
#12 /home/radinseir/domains/radinseir.ir/public_html/support/hdz/framework/CodeIgniter.php(936): App\Controllers\Kb->error404()
#13 /home/radinseir/domains/radinseir.ir/public_html/support/hdz/framework/CodeIgniter.php(970): CodeIgniter\CodeIgniter->runController()
#14 /home/radinseir/domains/radinseir.ir/public_html/support/hdz/framework/CodeIgniter.php(349): CodeIgniter\CodeIgniter->display404errors()
#15 /home/radinseir/domains/radinseir.ir/public_html/support/index.php(44): CodeIgniter\CodeIgniter->run()
#16 {main}
CRITICAL - 2025-02-01 10:20:41 --> syntax error, unexpected identifier ""
#0 /home/radinseir/domains/radinseir.ir/public_html/support/hdz/framework/View/View.php(222): CodeIgniter\View\View->CodeIgniter\View\{closure}()
#1 /home/radinseir/domains/radinseir.ir/public_html/support/hdz/framework/Common.php(1217): CodeIgniter\View\View->render()
#2 /home/radinseir/domains/radinseir.ir/public_html/support/hdz/app/Controllers/UserAuth.php(80): view()
#3 /home/radinseir/domains/radinseir.ir/public_html/support/hdz/framework/CodeIgniter.php(936): App\Controllers\UserAuth->register()
#4 /home/radinseir/domains/radinseir.ir/public_html/support/hdz/framework/CodeIgniter.php(432): CodeIgniter\CodeIgniter->runController()
#5 /home/radinseir/domains/radinseir.ir/public_html/support/hdz/framework/CodeIgniter.php(333): CodeIgniter\CodeIgniter->handleRequest()
#6 /home/radinseir/domains/radinseir.ir/public_html/support/index.php(44): CodeIgniter\CodeIgniter->run()
#7 {main}
